<?xml version="1.0" encoding="UTF-8"?>
<!-- Generated by org.testng.reporters.JUnitXMLReporter -->
<testsuite ignored="0" hostname="DESKTOP-GC7TFRH" failures="0" tests="4" name="Default test" time="117.762" errors="0" timestamp="2020-07-27T00:24:20 IST">
  <testcase classname="imdbTest.Test_GetTop250MovieDetails" name="GetURL" time="5.6"/>
  <testcase classname="imdbTest.Test_GetTop250MovieDetails" name="NavigateInIMDB" time="6.744"/>
  <testcase classname="imdbTest.Test_GetTop250MovieDetails" name="FetchData" time="100.996"/>
  <testcase classname="imdbTest.Test_GetTop250MovieDetails" name="CreateFile" time="0.006"/>
</testsuite> <!-- Default test -->
