<?xml version="1.0" encoding="UTF-8"?>
<!-- Generated by org.testng.reporters.JUnitXMLReporter -->
<testsuite ignored="0" hostname="DESKTOP-GC7TFRH" failures="0" tests="4" name="TestCase to retrieve Movie List" time="101.237" errors="0" timestamp="2020-07-27T00:37:33 IST">
  <testcase classname="imdbTest.Test_GetTop250MovieDetails" name="GetURL" time="6.173"/>
  <testcase classname="imdbTest.Test_GetTop250MovieDetails" name="NavigateInIMDB" time="6.55"/>
  <testcase classname="imdbTest.Test_GetTop250MovieDetails" name="FetchData" time="84.297"/>
  <testcase classname="imdbTest.Test_GetTop250MovieDetails" name="CreateFile" time="0.006"/>
</testsuite> <!-- TestCase to retrieve Movie List -->
